2024-08-08T17:55:59+0545 [-] Log opened.
2024-08-08T17:55:59+0545 [-] SimpleSSHFactory starting on 2222
2024-08-08T17:55:59+0545 [__main__.SimpleSSHFactory#info] Starting factory <__main__.SimpleSSHFactory object at 0x000002379EDCDFC0>
2024-08-08T17:56:08+0545 [__main__.CustomSSHServerTransport#debug] kex alg=b'curve25519-sha256' key alg=b'ssh-rsa'
2024-08-08T17:56:08+0545 [__main__.CustomSSHServerTransport#debug] outgoing: b'aes128-ctr' b'hmac-sha2-256' b'none'
2024-08-08T17:56:08+0545 [__main__.CustomSSHServerTransport#debug] incoming: b'aes128-ctr' b'hmac-sha2-256' b'none'
2024-08-08T17:56:08+0545 [__main__.CustomSSHServerTransport#debug] NEW KEYS
2024-08-08T17:56:08+0545 [__main__.CustomSSHServerTransport#debug] starting service b'ssh-userauth'
2024-08-08T17:56:08+0545 [twisted.conch.ssh.userauth.SSHUserAuthServer#debug] b'lucif' trying auth b'none'
2024-08-08T17:56:11+0545 [twisted.conch.ssh.userauth.SSHUserAuthServer#debug] b'lucif' trying auth b'password'
2024-08-08T17:56:11+0545 [CustomSSHServerTransport,0,127.0.0.1] Login attempt - Username: b'lucif', Password: b'grafana'
2024-08-08T17:56:12+0545 [twisted.conch.ssh.userauth.SSHUserAuthServer#debug] b'lucif' failed auth b'password'
2024-08-08T17:56:12+0545 [twisted.conch.ssh.userauth.SSHUserAuthServer#debug] unauthorized login: ()
2024-08-08T17:56:14+0545 [twisted.conch.ssh.userauth.SSHUserAuthServer#debug] b'lucif' trying auth b'password'
2024-08-08T17:56:14+0545 [CustomSSHServerTransport,0,127.0.0.1] Login attempt - Username: b'lucif', Password: b'grafana'
2024-08-08T17:56:15+0545 [twisted.conch.ssh.userauth.SSHUserAuthServer#debug] b'lucif' failed auth b'password'
2024-08-08T17:56:15+0545 [twisted.conch.ssh.userauth.SSHUserAuthServer#debug] unauthorized login: ()
2024-08-08T17:56:17+0545 [twisted.conch.ssh.userauth.SSHUserAuthServer#debug] b'lucif' trying auth b'password'
2024-08-08T17:56:17+0545 [CustomSSHServerTransport,0,127.0.0.1] Login attempt - Username: b'lucif', Password: b'grafana'
2024-08-08T17:56:18+0545 [twisted.conch.ssh.userauth.SSHUserAuthServer#debug] b'lucif' failed auth b'password'
2024-08-08T17:56:18+0545 [twisted.conch.ssh.userauth.SSHUserAuthServer#debug] unauthorized login: ()
2024-08-08T17:56:18+0545 [__main__.CustomSSHServerTransport#info] connection lost
2024-08-08T18:14:08+0545 [-] Log opened.
2024-08-08T18:14:08+0545 [-] SimpleSSHFactory starting on 2222
2024-08-08T18:14:08+0545 [__main__.SimpleSSHFactory#info] Starting factory <__main__.SimpleSSHFactory object at 0x000001B5097AE380>
2024-08-08T18:14:18+0545 [__main__.CustomSSHServerTransport#debug] kex alg=b'curve25519-sha256' key alg=b'ssh-rsa'
2024-08-08T18:14:18+0545 [__main__.CustomSSHServerTransport#debug] outgoing: b'aes128-ctr' b'hmac-sha2-256' b'none'
2024-08-08T18:14:18+0545 [__main__.CustomSSHServerTransport#debug] incoming: b'aes128-ctr' b'hmac-sha2-256' b'none'
2024-08-08T18:14:18+0545 [__main__.CustomSSHServerTransport#debug] NEW KEYS
2024-08-08T18:14:18+0545 [__main__.CustomSSHServerTransport#debug] starting service b'ssh-userauth'
2024-08-08T18:14:18+0545 [twisted.conch.ssh.userauth.SSHUserAuthServer#debug] b'lucif' trying auth b'none'
2024-08-08T18:14:20+0545 [twisted.conch.ssh.userauth.SSHUserAuthServer#debug] b'lucif' trying auth b'password'
2024-08-08T18:14:20+0545 [CustomSSHServerTransport,0,127.0.0.1] Login attempt - Username: b'lucif', Password: b'discord'
2024-08-08T18:14:21+0545 [twisted.conch.ssh.userauth.SSHUserAuthServer#debug] b'lucif' failed auth b'password'
2024-08-08T18:14:21+0545 [twisted.conch.ssh.userauth.SSHUserAuthServer#debug] unauthorized login: ()
2024-08-08T18:14:23+0545 [twisted.conch.ssh.userauth.SSHUserAuthServer#debug] b'lucif' trying auth b'password'
2024-08-08T18:14:23+0545 [CustomSSHServerTransport,0,127.0.0.1] Login attempt - Username: b'lucif', Password: b'iscord'
2024-08-08T18:14:24+0545 [twisted.conch.ssh.userauth.SSHUserAuthServer#debug] b'lucif' failed auth b'password'
2024-08-08T18:14:24+0545 [twisted.conch.ssh.userauth.SSHUserAuthServer#debug] unauthorized login: ()
2024-08-08T18:14:25+0545 [twisted.conch.ssh.userauth.SSHUserAuthServer#debug] b'lucif' trying auth b'password'
2024-08-08T18:14:25+0545 [CustomSSHServerTransport,0,127.0.0.1] Login attempt - Username: b'lucif', Password: b'discord'
2024-08-08T18:14:26+0545 [twisted.conch.ssh.userauth.SSHUserAuthServer#debug] b'lucif' failed auth b'password'
2024-08-08T18:14:26+0545 [twisted.conch.ssh.userauth.SSHUserAuthServer#debug] unauthorized login: ()
2024-08-08T18:14:26+0545 [__main__.CustomSSHServerTransport#info] connection lost
2024-08-08T18:19:44+0545 [__main__.CustomSSHServerTransport#debug] kex alg=b'curve25519-sha256' key alg=b'ssh-rsa'
2024-08-08T18:19:44+0545 [__main__.CustomSSHServerTransport#debug] outgoing: b'aes128-ctr' b'hmac-sha2-256' b'none'
2024-08-08T18:19:44+0545 [__main__.CustomSSHServerTransport#debug] incoming: b'aes128-ctr' b'hmac-sha2-256' b'none'
2024-08-08T18:19:44+0545 [__main__.CustomSSHServerTransport#debug] NEW KEYS
2024-08-08T18:19:44+0545 [__main__.CustomSSHServerTransport#debug] starting service b'ssh-userauth'
2024-08-08T18:19:44+0545 [twisted.conch.ssh.userauth.SSHUserAuthServer#debug] b'lucif' trying auth b'none'
2024-08-08T18:19:45+0545 [twisted.conch.ssh.userauth.SSHUserAuthServer#debug] b'lucif' trying auth b'password'
2024-08-08T18:19:45+0545 [CustomSSHServerTransport,1,127.0.0.1] Login attempt - Username: b'lucif', Password: b'test'
2024-08-08T18:19:46+0545 [twisted.conch.ssh.userauth.SSHUserAuthServer#debug] b'lucif' failed auth b'password'
2024-08-08T18:19:46+0545 [twisted.conch.ssh.userauth.SSHUserAuthServer#debug] unauthorized login: ()
2024-08-08T18:19:47+0545 [twisted.conch.ssh.userauth.SSHUserAuthServer#debug] b'lucif' trying auth b'password'
2024-08-08T18:19:47+0545 [CustomSSHServerTransport,1,127.0.0.1] Login attempt - Username: b'lucif', Password: b'test'
2024-08-08T18:19:48+0545 [twisted.conch.ssh.userauth.SSHUserAuthServer#debug] b'lucif' failed auth b'password'
2024-08-08T18:19:48+0545 [twisted.conch.ssh.userauth.SSHUserAuthServer#debug] unauthorized login: ()
2024-08-08T18:19:49+0545 [twisted.conch.ssh.userauth.SSHUserAuthServer#debug] b'lucif' trying auth b'password'
2024-08-08T18:19:49+0545 [CustomSSHServerTransport,1,127.0.0.1] Login attempt - Username: b'lucif', Password: b'test'
2024-08-08T18:19:50+0545 [twisted.conch.ssh.userauth.SSHUserAuthServer#debug] b'lucif' failed auth b'password'
2024-08-08T18:19:50+0545 [twisted.conch.ssh.userauth.SSHUserAuthServer#debug] unauthorized login: ()
2024-08-08T18:19:50+0545 [__main__.CustomSSHServerTransport#info] connection lost
2024-08-08T18:22:26+0545 [-] Log opened.
2024-08-08T18:22:26+0545 [-] SimpleSSHFactory starting on 2222
2024-08-08T18:22:26+0545 [__main__.SimpleSSHFactory#info] Starting factory <__main__.SimpleSSHFactory object at 0x0000017C1B93DF60>
2024-08-08T18:22:32+0545 [__main__.CustomSSHServerTransport#debug] kex alg=b'curve25519-sha256' key alg=b'ssh-rsa'
2024-08-08T18:22:32+0545 [__main__.CustomSSHServerTransport#debug] outgoing: b'aes128-ctr' b'hmac-sha2-256' b'none'
2024-08-08T18:22:32+0545 [__main__.CustomSSHServerTransport#debug] incoming: b'aes128-ctr' b'hmac-sha2-256' b'none'
2024-08-08T18:22:32+0545 [__main__.CustomSSHServerTransport#debug] NEW KEYS
2024-08-08T18:22:32+0545 [__main__.CustomSSHServerTransport#debug] starting service b'ssh-userauth'
2024-08-08T18:22:32+0545 [twisted.conch.ssh.userauth.SSHUserAuthServer#debug] b'lucif' trying auth b'none'
2024-08-08T18:22:34+0545 [twisted.conch.ssh.userauth.SSHUserAuthServer#debug] b'lucif' trying auth b'password'
2024-08-08T18:22:34+0545 [CustomSSHServerTransport,0,127.0.0.1] Login attempt - Username: b'lucif', Password: b'pitbull'
2024-08-08T18:22:35+0545 [twisted.conch.ssh.userauth.SSHUserAuthServer#debug] b'lucif' failed auth b'password'
2024-08-08T18:22:35+0545 [twisted.conch.ssh.userauth.SSHUserAuthServer#debug] unauthorized login: ()
2024-08-08T18:22:38+0545 [twisted.conch.ssh.userauth.SSHUserAuthServer#debug] b'lucif' trying auth b'password'
2024-08-08T18:22:38+0545 [CustomSSHServerTransport,0,127.0.0.1] Login attempt - Username: b'lucif', Password: b'pitbull'
2024-08-08T18:22:39+0545 [twisted.conch.ssh.userauth.SSHUserAuthServer#debug] b'lucif' failed auth b'password'
2024-08-08T18:22:39+0545 [twisted.conch.ssh.userauth.SSHUserAuthServer#debug] unauthorized login: ()
2024-08-08T18:22:41+0545 [twisted.conch.ssh.userauth.SSHUserAuthServer#debug] b'lucif' trying auth b'password'
2024-08-08T18:22:41+0545 [CustomSSHServerTransport,0,127.0.0.1] Login attempt - Username: b'lucif', Password: b'pitbull'
2024-08-08T18:22:42+0545 [twisted.conch.ssh.userauth.SSHUserAuthServer#debug] b'lucif' failed auth b'password'
2024-08-08T18:22:42+0545 [twisted.conch.ssh.userauth.SSHUserAuthServer#debug] unauthorized login: ()
2024-08-08T18:22:42+0545 [__main__.CustomSSHServerTransport#info] connection lost
2024-08-08T18:38:13+0545 [-] Log opened.
2024-08-08T18:38:13+0545 [-] SimpleSSHFactory starting on 2222
2024-08-08T18:38:13+0545 [__main__.SimpleSSHFactory#info] Starting factory <__main__.SimpleSSHFactory object at 0x0000025AFACBE5C0>
2024-08-08T18:38:18+0545 [__main__.CustomSSHServerTransport#debug] kex alg=b'curve25519-sha256' key alg=b'ssh-rsa'
2024-08-08T18:38:18+0545 [__main__.CustomSSHServerTransport#debug] outgoing: b'aes128-ctr' b'hmac-sha2-256' b'none'
2024-08-08T18:38:18+0545 [__main__.CustomSSHServerTransport#debug] incoming: b'aes128-ctr' b'hmac-sha2-256' b'none'
2024-08-08T18:38:18+0545 [__main__.CustomSSHServerTransport#debug] NEW KEYS
2024-08-08T18:38:18+0545 [__main__.CustomSSHServerTransport#debug] starting service b'ssh-userauth'
2024-08-08T18:38:18+0545 [twisted.conch.ssh.userauth.SSHUserAuthServer#debug] b'lucif' trying auth b'none'
2024-08-08T18:38:21+0545 [twisted.conch.ssh.userauth.SSHUserAuthServer#debug] b'lucif' trying auth b'password'
2024-08-08T18:38:21+0545 [CustomSSHServerTransport,0,127.0.0.1] Login attempt - Username: b'lucif', Password: b'lasttry\\'
2024-08-08T18:38:22+0545 [twisted.conch.ssh.userauth.SSHUserAuthServer#debug] b'lucif' failed auth b'password'
2024-08-08T18:38:22+0545 [twisted.conch.ssh.userauth.SSHUserAuthServer#debug] unauthorized login: ()
2024-08-08T18:38:24+0545 [twisted.conch.ssh.userauth.SSHUserAuthServer#debug] b'lucif' trying auth b'password'
2024-08-08T18:38:24+0545 [CustomSSHServerTransport,0,127.0.0.1] Login attempt - Username: b'lucif', Password: b'lasttry'
2024-08-08T18:38:25+0545 [twisted.conch.ssh.userauth.SSHUserAuthServer#debug] b'lucif' failed auth b'password'
2024-08-08T18:38:25+0545 [twisted.conch.ssh.userauth.SSHUserAuthServer#debug] unauthorized login: ()
2024-08-08T18:38:27+0545 [twisted.conch.ssh.userauth.SSHUserAuthServer#debug] b'lucif' trying auth b'password'
2024-08-08T18:38:27+0545 [CustomSSHServerTransport,0,127.0.0.1] Login attempt - Username: b'lucif', Password: b'lasttry'
2024-08-08T18:38:28+0545 [twisted.conch.ssh.userauth.SSHUserAuthServer#debug] b'lucif' failed auth b'password'
2024-08-08T18:38:28+0545 [twisted.conch.ssh.userauth.SSHUserAuthServer#debug] unauthorized login: ()
2024-08-08T18:38:28+0545 [__main__.CustomSSHServerTransport#info] connection lost
2024-08-08T18:40:15+0545 [__main__.CustomSSHServerTransport#debug] kex alg=b'curve25519-sha256' key alg=b'ssh-rsa'
2024-08-08T18:40:15+0545 [__main__.CustomSSHServerTransport#debug] outgoing: b'aes128-ctr' b'hmac-sha2-256' b'none'
2024-08-08T18:40:15+0545 [__main__.CustomSSHServerTransport#debug] incoming: b'aes128-ctr' b'hmac-sha2-256' b'none'
2024-08-08T18:40:15+0545 [__main__.CustomSSHServerTransport#debug] NEW KEYS
2024-08-08T18:40:15+0545 [__main__.CustomSSHServerTransport#debug] starting service b'ssh-userauth'
2024-08-08T18:40:15+0545 [twisted.conch.ssh.userauth.SSHUserAuthServer#debug] b'lucif' trying auth b'none'
2024-08-08T18:40:21+0545 [twisted.conch.ssh.userauth.SSHUserAuthServer#debug] b'lucif' trying auth b'password'
2024-08-08T18:40:21+0545 [CustomSSHServerTransport,1,127.0.0.1] Login attempt - Username: b'lucif', Password: b'invoker'
2024-08-08T18:40:22+0545 [twisted.conch.ssh.userauth.SSHUserAuthServer#debug] b'lucif' failed auth b'password'
2024-08-08T18:40:22+0545 [twisted.conch.ssh.userauth.SSHUserAuthServer#debug] unauthorized login: ()
2024-08-08T18:40:23+0545 [twisted.conch.ssh.userauth.SSHUserAuthServer#debug] b'lucif' trying auth b'password'
2024-08-08T18:40:23+0545 [CustomSSHServerTransport,1,127.0.0.1] Login attempt - Username: b'lucif', Password: b'invoker'
2024-08-08T18:40:24+0545 [twisted.conch.ssh.userauth.SSHUserAuthServer#debug] b'lucif' failed auth b'password'
2024-08-08T18:40:24+0545 [twisted.conch.ssh.userauth.SSHUserAuthServer#debug] unauthorized login: ()
2024-08-08T18:40:25+0545 [twisted.conch.ssh.userauth.SSHUserAuthServer#debug] b'lucif' trying auth b'password'
2024-08-08T18:40:25+0545 [CustomSSHServerTransport,1,127.0.0.1] Login attempt - Username: b'lucif', Password: b'invoker'
2024-08-08T18:40:26+0545 [twisted.conch.ssh.userauth.SSHUserAuthServer#debug] b'lucif' failed auth b'password'
2024-08-08T18:40:26+0545 [twisted.conch.ssh.userauth.SSHUserAuthServer#debug] unauthorized login: ()
2024-08-08T18:40:26+0545 [__main__.CustomSSHServerTransport#info] connection lost
